This is pdfTeX, Version 3.14159265-2.6-1.40.20 (TeX Live 2019/Debian) (preloaded format=pdflatex 2020.10.1)  1 OCT 2020 13:47
entering extended mode
 restricted \write18 enabled.
 %&-line parsing enabled.
**refman
(./refman.tex
LaTeX2e <2020-02-02> patch level 2
L3 programming layer <2020-02-14>
(/usr/share/texlive/texmf-dist/tex/latex/base/book.cls
Document Class: book 2019/12/20 v1.4l Standard LaTeX document class
(/usr/share/texlive/texmf-dist/tex/latex/base/bk10.clo
File: bk10.clo 2019/12/20 v1.4l Standard LaTeX file (size option)
)
\c@part=\count167
\c@chapter=\count168
\c@section=\count169
\c@subsection=\count170
\c@subsubsection=\count171
\c@paragraph=\count172
\c@subparagraph=\count173
\c@figure=\count174
\c@table=\count175
\abovecaptionskip=\skip47
\belowcaptionskip=\skip48
\bibindent=\dimen134
)
(/usr/share/texlive/texmf-dist/tex/latex/base/ifthen.sty
Package: ifthen 2014/09/29 v1.1c Standard LaTeX ifthen package (DPC)
)
(/usr/share/texlive/texmf-dist/tex/latex/tools/array.sty
Rollback for package 'array' requested -> date 2016-10-06.
         Best approximation is the release introduced on 2016-10-06.

(/usr/share/texlive/texmf-dist/tex/latex/tools/array-2016-10-06.sty
Package: array 2016/10/06 v2.4d Tabular extension package (FMi)
\col@sep=\dimen135
\extrarowheight=\dimen136
\NC@list=\toks14
\extratabsurround=\skip49
\backup@length=\skip50
))
(/usr/share/texlive/texmf-dist/tex/latex/base/fixltx2e.sty
Package: fixltx2e 2016/12/29 v2.1a fixes to LaTeX (obsolete)
Applying: [2015/01/01] Old fixltx2e package on input line 46.


Package fixltx2e Warning: fixltx2e is not required with releases after 2015
(fixltx2e)                All fixes are now in the LaTeX kernel.
(fixltx2e)                See the latexrelease package for details.

Already applied: [0000/00/00] Old fixltx2e package on input line 53.
) (/usr/share/texlive/texmf-dist/tex/latex/tools/calc.sty
Package: calc 2017/05/25 v4.3 Infix arithmetic (KKT,FJ)
\calc@Acount=\count176
\calc@Bcount=\count177
\calc@Adimen=\dimen137
\calc@Bdimen=\dimen138
\calc@Askip=\skip51
\calc@Bskip=\skip52
LaTeX Info: Redefining \setlength on input line 80.
LaTeX Info: Redefining \addtolength on input line 81.
\calc@Ccount=\count178
\calc@Cskip=\skip53
) (./doxygen.sty
Package: doxygen 

(/usr/share/texlive/texmf-dist/tex/latex/base/alltt.sty
Package: alltt 1997/06/16 v2.0g defines alltt environment
)
(/usr/share/texlive/texmf-dist/tex/latex/float/float.sty
Package: float 2001/11/08 v1.3d Float enhancements (AL)
\c@float@type=\count179
\float@exts=\toks15
\float@box=\box45
\@float@everytoks=\toks16
\@floatcapt=\box46
)
(/usr/share/texlive/texmf-dist/tex/latex/tools/verbatim.sty
Package: verbatim 2019/11/10 v1.5r LaTeX2e package for verbatim enhancements
\every@verbatim=\toks17
\verbatim@line=\toks18
\verbatim@in@stream=\read2
)
(/usr/share/texlive/texmf-dist/tex/latex/xcolor/xcolor.sty
Package: xcolor 2016/05/11 v2.12 LaTeX color extensions (UK)

(/usr/share/texlive/texmf-dist/tex/latex/graphics-cfg/color.cfg
File: color.cfg 2016/01/02 v1.6 sample color configuration
)
Package xcolor Info: Driver file: pdftex.def on input line 225.

(/usr/share/texlive/texmf-dist/tex/latex/graphics-def/pdftex.def
File: pdftex.def 2018/01/08 v1.0l Graphics/color driver for pdftex
)
(/usr/share/texlive/texmf-dist/tex/latex/colortbl/colortbl.sty
Package: colortbl 2020/01/04 v1.0e Color table columns (DPC)
\everycr=\toks19
\minrowclearance=\skip54
)
\rownum=\count180
Package xcolor Info: Model `cmy' substituted by `cmy0' on input line 1348.
Package xcolor Info: Model `hsb' substituted by `rgb' on input line 1352.
Package xcolor Info: Model `RGB' extended on input line 1364.
Package xcolor Info: Model `HTML' substituted by `rgb' on input line 1366.
Package xcolor Info: Model `Hsb' substituted by `hsb' on input line 1367.
Package xcolor Info: Model `tHsb' substituted by `hsb' on input line 1368.
Package xcolor Info: Model `HSB' substituted by `hsb' on input line 1369.
Package xcolor Info: Model `Gray' substituted by `gray' on input line 1370.
Package xcolor Info: Model `wave' substituted by `hsb' on input line 1371.
)
(./longtable_doxygen.sty
Package: longtable_doxygen 2014/10/28 v4.11 Multi-page Table package (DPC) - fr
ozen version for doxygen
\LTleft=\skip55
\LTright=\skip56
\LTpre=\skip57
\LTpost=\skip58
\LTchunksize=\count181
\LTcapwidth=\dimen139
\LT@head=\box47
\LT@firsthead=\box48
\LT@foot=\box49
\LT@lastfoot=\box50
\LT@cols=\count182
\LT@rows=\count183
\c@LT@tables=\count184
\c@LT@chunks=\count185
\LT@p@ftn=\toks20
) (./tabu_doxygen.sty
Package: tabu_doxygen 2011/02/26 v2.8 - flexible LaTeX tabulars (FC), frozen ve
rsion for doxygen


! LaTeX Error: File `varwidth.sty' not found.

Type X to quit or <RETURN> to proceed,
or enter new name. (Default extension: sty)

Enter file name: 

LaTeX Warning: You have requested, on input line 69, version
               `2009/03/30' of package varwidth,
               but only version
               `'
               is available.

\c@taburow=\count186
\tabu@nbcols=\count187
\tabu@cnt=\count188
\tabu@Xcol=\count189
\tabu@alloc=\count190
\tabu@nested=\count191
\tabu@target=\dimen140
\tabu@spreadtarget=\dimen141
\tabu@naturalX=\dimen142
\tabucolX=\dimen143
\tabu@Xsum=\dimen144
\extrarowdepth=\dimen145
\abovetabulinesep=\dimen146
\belowtabulinesep=\dimen147
\tabustrutrule=\dimen148
\tabu@thebody=\toks21
\tabu@footnotes=\toks22
\tabu@box=\box51
\tabu@arstrutbox=\box52
\tabu@hleads=\box53
\tabu@vleads=\box54
\tabu@cellskip=\skip59
) (/usr/share/texlive/texmf-dist/tex/latex/fancyvrb/fancyvrb.sty
Package: fancyvrb 2020/01/13 v3.5 verbatim text (tvz,hv)

(/usr/share/texlive/texmf-dist/tex/latex/graphics/keyval.sty
Package: keyval 2014/10/28 v1.15 key=value parser (DPC)
\KV@toks@=\toks23
)
\FV@CodeLineNo=\count192
\FV@InFile=\read3
\FV@TabBox=\box55
\c@FancyVerbLine=\count193
\FV@StepNumber=\count194
\FV@OutFile=\write3
)
(/usr/share/texlive/texmf-dist/tex/latex/tools/tabularx.sty
Package: tabularx 2020/01/15 v2.11c `tabularx' package (DPC)
\TX@col@width=\dimen149
\TX@old@table=\dimen150
\TX@old@col=\dimen151
\TX@target=\dimen152
\TX@delta=\dimen153
\TX@cols=\count195
\TX@ftn=\toks24
)

! LaTeX Error: File `multirow.sty' not found.

Type X to quit or <RETURN> to proceed,
or enter new name. (Default extension: sty)

Enter file name: 

! LaTeX Error: File `hanging.sty' not found.

Type X to quit or <RETURN> to proceed,
or enter new name. (Default extension: sty)

Enter file name: 
(/usr/share/texlive/texmf-dist/tex/generic/iftex/ifpdf.sty
Package: ifpdf 2019/10/25 v3.4 ifpdf legacy package. Use iftex instead.

(/usr/share/texlive/texmf-dist/tex/generic/iftex/iftex.sty
Package: iftex 2019/11/07 v1.0c TeX engine tests
))

! LaTeX Error: File `adjustbox.sty' not found.

Type X to quit or <RETURN> to proceed,
or enter new name. (Default extension: sty)

Enter file name: 
(/usr/share/texlive/texmf-dist/tex/latex/amsfonts/amssymb.sty
Package: amssymb 2013/01/14 v3.01 AMS font symbols

(/usr/share/texlive/texmf-dist/tex/latex/amsfonts/amsfonts.sty
Package: amsfonts 2013/01/14 v3.01 Basic AMSFonts support
\@emptytoks=\toks25
\symAMSa=\mathgroup4
\symAMSb=\mathgroup5
LaTeX Font Info:    Redeclaring math symbol \hbar on input line 98.
LaTeX Font Info:    Overwriting math alphabet `\mathfrak' in version `bold'
(Font)                  U/euf/m/n --> U/euf/b/n on input line 106.
))

! LaTeX Error: File `stackengine.sty' not found.

Type X to quit or <RETURN> to proceed,
or enter new name. (Default extension: sty)

Enter file name: 

! LaTeX Error: File `ulem.sty' not found.

Type X to quit or <RETURN> to proceed,
or enter new name. (Default extension: sty)

Enter file name: 

! LaTeX Error: Unknown option `normalem' for package `ulem'.

See the LaTeX manual or LaTeX Companion for explanation.
Type  H <return>  for immediate help.
 ...                                              
                                                  
l.23 
     
? 
\xrefbox=\box56
\xreflength=\skip60
\CodeWidthChar=\skip61
\CodeHeightChar=\skip62
\DoxyCodeWidth=\skip63
) (/usr/share/texlive/texmf-dist/tex/latex/graphics/graphicx.sty
Package: graphicx 2019/11/30 v1.2a Enhanced LaTeX Graphics (DPC,SPQR)

(/usr/share/texlive/texmf-dist/tex/latex/graphics/graphics.sty
Package: graphics 2019/11/30 v1.4a Standard LaTeX Graphics (DPC,SPQR)

(/usr/share/texlive/texmf-dist/tex/latex/graphics/trig.sty
Package: trig 2016/01/03 v1.10 sin cos tan (DPC)
)
(/usr/share/texlive/texmf-dist/tex/latex/graphics-cfg/graphics.cfg
File: graphics.cfg 2016/06/04 v1.11 sample graphics configuration
)
Package graphics Info: Driver file: pdftex.def on input line 105.
)
\Gin@req@height=\dimen154
\Gin@req@width=\dimen155
)
(/usr/share/texlive/texmf-dist/tex/latex/base/inputenc.sty
Package: inputenc 2018/08/11 v1.3c Input encoding file
\inpenc@prehook=\toks26
\inpenc@posthook=\toks27
)
(/usr/share/texlive/texmf-dist/tex/latex/base/makeidx.sty
Package: makeidx 2014/09/29 v1.0m Standard LaTeX package
)
(/usr/share/texlive/texmf-dist/tex/latex/tools/multicol.sty
Package: multicol 2019/12/09 v1.8y multicolumn formatting (FMi)
\c@tracingmulticols=\count196
\mult@box=\box57
\multicol@leftmargin=\dimen156
\c@unbalance=\count197
\c@collectmore=\count198
\doublecol@number=\count199
\multicoltolerance=\count266
\multicolpretolerance=\count267
\full@width=\dimen157
\page@free=\dimen158
\premulticols=\dimen159
\postmulticols=\dimen160
\multicolsep=\skip64
\multicolbaselineskip=\skip65
\partial@page=\box58
\last@line=\box59
\maxbalancingoverflow=\dimen161
\mult@rightbox=\box60
\mult@grightbox=\box61
\mult@gfirstbox=\box62
\mult@firstbox=\box63
\@tempa=\box64
\@tempa=\box65
\@tempa=\box66
\@tempa=\box67
\@tempa=\box68
\@tempa=\box69
\@tempa=\box70
\@tempa=\box71
\@tempa=\box72
\@tempa=\box73
\@tempa=\box74
\@tempa=\box75
\@tempa=\box76
\@tempa=\box77
\@tempa=\box78
\@tempa=\box79
\@tempa=\box80
\@tempa=\box81
\@tempa=\box82
\@tempa=\box83
\@tempa=\box84
\@tempa=\box85
\@tempa=\box86
\@tempa=\box87
\@tempa=\box88
\@tempa=\box89
\@tempa=\box90
\@tempa=\box91
\@tempa=\box92
\@tempa=\box93
\@tempa=\box94
\@tempa=\box95
\@tempa=\box96
\@tempa=\box97
\@tempa=\box98
\@tempa=\box99
\@tempa=\box100
\c@minrows=\count268
\c@columnbadness=\count269
\c@finalcolumnbadness=\count270
\last@try=\dimen162
\multicolovershoot=\dimen163
\multicolundershoot=\dimen164
\mult@nat@firstbox=\box101
\colbreak@box=\box102
\mc@col@check@num=\count271
)
(/usr/share/texlive/texmf-dist/tex/latex/base/textcomp.sty
Package: textcomp 2020/02/02 v2.0n Standard LaTeX package
)
(/usr/share/texlive/texmf-dist/tex/latex/wasysym/wasysym.sty
Package: wasysym 2020/01/19 v2.4 Wasy-2 symbol support package
\symwasy=\mathgroup6
LaTeX Font Info:    Overwriting symbol font `wasy' in version `bold'
(Font)                  U/wasy/m/n --> U/wasy/b/n on input line 93.
)
(/usr/share/texlive/texmf-dist/tex/generic/iftex/ifxetex.sty
Package: ifxetex 2019/10/25 v0.7 ifxetex legacy package. Use iftex instead.
)
(/usr/share/texlive/texmf-dist/tex/latex/base/fontenc.sty
Package: fontenc 2020/02/11 v2.0o Standard LaTeX package
)
(/usr/share/texlive/texmf-dist/tex/latex/psnfss/helvet.sty
Package: helvet 2005/04/12 PSNFSS-v9.2a (WaS) 
)
(/usr/share/texlive/texmf-dist/tex/latex/psnfss/courier.sty
Package: courier 2005/04/12 PSNFSS-v9.2a (WaS) 
)

! LaTeX Error: File `sectsty.sty' not found.

Type X to quit or <RETURN> to proceed,
or enter new name. (Default extension: sty)

Enter file name: 
! Undefined control sequence.
l.33 \allsectionsfont
                     {%
? 

LaTeX Font Warning: Font shape `T1/cmr/bc/n' undefined
(Font)              using `T1/cmr/m/n' instead on input line 34.

(/usr/share/texlive/texmf-dist/tex/latex/geometry/geometry.sty
Package: geometry 2020/01/02 v5.9 Page Geometry

(/usr/share/texlive/texmf-dist/tex/generic/iftex/ifvtex.sty
Package: ifvtex 2019/10/25 v1.7 ifvtex legacy package. Use iftex instead.
)
\Gm@cnth=\count272
\Gm@cntv=\count273
\c@Gm@tempcnt=\count274
\Gm@bindingoffset=\dimen165
\Gm@wd@mp=\dimen166
\Gm@odd@mp=\dimen167
\Gm@even@mp=\dimen168
\Gm@layoutwidth=\dimen169
\Gm@layoutheight=\dimen170
\Gm@layouthoffset=\dimen171
\Gm@layoutvoffset=\dimen172
\Gm@dimlist=\toks28
)
(/usr/share/texlive/texmf-dist/tex/latex/fancyhdr/fancyhdr.sty
Package: fancyhdr 2019/01/31 v3.10 Extensive control of page headers and footer
s
\f@nch@headwidth=\skip66
\f@nch@O@elh=\skip67
\f@nch@O@erh=\skip68
\f@nch@O@olh=\skip69
\f@nch@O@orh=\skip70
\f@nch@O@elf=\skip71
\f@nch@O@erf=\skip72
\f@nch@O@olf=\skip73
\f@nch@O@orf=\skip74
)
(/usr/share/texlive/texmf-dist/tex/latex/natbib/natbib.sty
Package: natbib 2010/09/13 8.31b (PWD, AO)
\bibhang=\skip75
\bibsep=\skip76
LaTeX Info: Redefining \cite on input line 694.
\c@NAT@ctr=\count275
)

! LaTeX Error: File `tocloft.sty' not found.

Type X to quit or <RETURN> to proceed,
or enter new name. (Default extension: sty)

Enter file name: 

! LaTeX Error: Unknown option `titles' for package `tocloft'.

See the LaTeX manual or LaTeX Companion for explanation.
Type  H <return>  for immediate help.
 ...                                              
                                                  
l.110 \setcounter
                 {tocdepth}{3}
? 
\@indexfile=\write4
\openout4 = `refman.idx'.

Writing index file refman.idx

! LaTeX Error: File `newunicodechar.sty' not found.

Type X to quit or <RETURN> to proceed,
or enter new name. (Default extension: sty)

Enter file name: 
! Undefined control sequence.
<recently read> \newunicodechar 
                                
l.115   \newunicodechar
                       {⁻}{${}^{-}$}% Superscript minus
? 

! Package inputenc Error: Unicode character ⁻ (U+207B)
(inputenc)                not set up for use with LaTeX.

See the inputenc package documentation for explanation.
Type  H <return>  for immediate help.
 ...                                              
                                                  
l.115   \newunicodechar{⁻
                           }{${}^{-}$}% Superscript minus
? 

! LaTeX Error: Missing \begin{document}.

See the LaTeX manual or LaTeX Companion for explanation.
Type  H <return>  for immediate help.
 ...                                              
                                                  
l.115   \newunicodechar{⁻}{$
                              {}^{-}$}% Superscript minus
? 
LaTeX Font Info:    Trying to load font information for U+msa on input line 115
.
(/usr/share/texlive/texmf-dist/tex/latex/amsfonts/umsa.fd
File: umsa.fd 2013/01/14 v3.01 AMS symbols A
)
LaTeX Font Info:    Trying to load font information for U+msb on input line 115
.

(/usr/share/texlive/texmf-dist/tex/latex/amsfonts/umsb.fd
File: umsb.fd 2013/01/14 v3.01 AMS symbols B
)
LaTeX Font Info:    Trying to load font information for U+wasy on input line 11
5.

(/usr/share/texlive/texmf-dist/tex/latex/wasysym/uwasy.fd
File: uwasy.fd 2020/01/19 v2.4 Wasy-2 symbol font definitions
)
! Undefined control sequence.
l.116   \newunicodechar
                       {²}{${}^{2}$}% Superscript two
? 
! Undefined control sequence.
l.117   \newunicodechar
                       {³}{${}^{3}$}% Superscript three
? 
(/usr/share/texlive/texmf-dist/tex/latex/hyperref/hyperref.sty
Package: hyperref 2020/01/14 v7.00d Hypertext links for LaTeX

(/usr/share/texlive/texmf-dist/tex/generic/ltxcmds/ltxcmds.sty
Package: ltxcmds 2019/12/15 v1.24 LaTeX kernel commands for general use (HO)
)
(/usr/share/texlive/texmf-dist/tex/latex/pdftexcmds/pdftexcmds.sty
Package: pdftexcmds 2019/11/24 v0.31 Utility functions of pdfTeX for LuaTeX (HO
)

(/usr/share/texlive/texmf-dist/tex/generic/infwarerr/infwarerr.sty
Package: infwarerr 2019/12/03 v1.5 Providing info/warning/error messages (HO)
)
Package pdftexcmds Info: \pdf@primitive is available.
Package pdftexcmds Info: \pdf@ifprimitive is available.
Package pdftexcmds Info: \pdfdraftmode found.
)
(/usr/share/texlive/texmf-dist/tex/generic/kvsetkeys/kvsetkeys.sty
Package: kvsetkeys 2019/12/15 v1.18 Key value parser (HO)
)
(/usr/share/texlive/texmf-dist/tex/generic/kvdefinekeys/kvdefinekeys.sty
Package: kvdefinekeys 2019-12-19 v1.6 Define keys (HO)
)
(/usr/share/texlive/texmf-dist/tex/generic/pdfescape/pdfescape.sty
Package: pdfescape 2019/12/09 v1.15 Implements pdfTeX's escape features (HO)
)
(/usr/share/texlive/texmf-dist/tex/latex/hycolor/hycolor.sty
Package: hycolor 2020-01-27 v1.10 Color options for hyperref/bookmark (HO)
)

! LaTeX Error: File `letltxmacro.sty' not found.

Type X to quit or <RETURN> to proceed,
or enter new name. (Default extension: sty)

Enter file name: 

LaTeX Warning: You have requested, on input line 132, version
               `2008/06/13' of package letltxmacro,
               but only version
               `'
               is available.

(/usr/share/texlive/texmf-dist/tex/latex/auxhook/auxhook.sty
Package: auxhook 2019-12-17 v1.6 Hooks for auxiliary files (HO)
)
(/usr/share/texlive/texmf-dist/tex/latex/kvoptions/kvoptions.sty
Package: kvoptions 2019/11/29 v3.13 Key value format for package options (HO)
)
\@linkdim=\dimen173
\Hy@linkcounter=\count276
\Hy@pagecounter=\count277

(/usr/share/texlive/texmf-dist/tex/latex/hyperref/pd1enc.def
File: pd1enc.def 2020/01/14 v7.00d Hyperref: PDFDocEncoding definition (HO)
Now handling font encoding PD1 ...
... no UTF-8 mapping file for font encoding PD1
)
(/usr/share/texlive/texmf-dist/tex/generic/intcalc/intcalc.sty
Package: intcalc 2019/12/15 v1.3 Expandable calculations with integers (HO)
)
(/usr/share/texlive/texmf-dist/tex/generic/etexcmds/etexcmds.sty
Package: etexcmds 2019/12/15 v1.7 Avoid name clashes with e-TeX commands (HO)
)
\Hy@SavedSpaceFactor=\count278
\pdfmajorversion=\count279
Package hyperref Info: Hyper figures OFF on input line 4547.
Package hyperref Info: Link nesting OFF on input line 4552.
Package hyperref Info: Hyper index ON on input line 4555.
Package hyperref Info: Plain pages OFF on input line 4562.
Package hyperref Info: Backreferencing ON on input line 4565.
Package hyperref Info: Implicit mode ON; LaTeX internals redefined.
Package hyperref Info: Bookmarks ON on input line 4800.

(/usr/share/texlive/texmf-dist/tex/latex/hyperref/backref.sty
Package: backref 2020/01/14 v1.40 Bibliographical back referencing

(/usr/share/texlive/texmf-dist/tex/latex/rerunfilecheck/rerunfilecheck.sty
Package: rerunfilecheck 2019/12/05 v1.9 Rerun checks for auxiliary files (HO)

(/usr/share/texlive/texmf-dist/tex/latex/atveryend/atveryend.sty
Package: atveryend 2019-12-11 v1.11 Hooks at the very end of document (HO)
Package atveryend Info: \enddocument detected (standard20110627).
)
(/usr/share/texlive/texmf-dist/tex/generic/uniquecounter/uniquecounter.sty
Package: uniquecounter 2019/12/15 v1.4 Provide unlimited unique counter (HO)

(/usr/share/texlive/texmf-dist/tex/generic/bigintcalc/bigintcalc.sty
Package: bigintcalc 2019/12/15 v1.5 Expandable calculations on big integers (HO
)
))
Package uniquecounter Info: New unique counter `rerunfilecheck' on input line 2
86.
))
\c@Hy@tempcnt=\count280

(/usr/share/texlive/texmf-dist/tex/latex/url/url.sty
\Urlmuskip=\muskip16
Package: url 2013/09/16  ver 3.4  Verb mode for urls, etc.
)
LaTeX Info: Redefining \url on input line 5159.
\XeTeXLinkMargin=\dimen174

(/usr/share/texlive/texmf-dist/tex/generic/bitset/bitset.sty
Package: bitset 2019/12/09 v1.3 Handle bit-vector datatype (HO)
)
\Fld@menulength=\count281
\Field@Width=\dimen175
\Fld@charsize=\dimen176
Package hyperref Info: Hyper figures OFF on input line 6430.
Package hyperref Info: Link nesting OFF on input line 6435.
Package hyperref Info: Hyper index ON on input line 6438.
Package hyperref Info: backreferencing ON on input line 6443.
Package hyperref Info: Link coloring OFF on input line 6450.
Package hyperref Info: Link coloring with OCG OFF on input line 6455.
Package hyperref Info: PDF/A mode OFF on input line 6460.

! Undefined control sequence.
l.6499 \LetLtxMacro
                   \NoHy@OrgRef\ref
? 
! Undefined control sequence.
l.6499 \LetLtxMacro\NoHy@OrgRef
                               \ref
? 
! Missing \endcsname inserted.
<to be read again> 
                   \let 
l.6500 \DeclareRobustCommand
                            *{\ref}{%
? 

! LaTeX Error: Missing \begin{document}.

See the LaTeX manual or LaTeX Companion for explanation.
Type  H <return>  for immediate help.
 ...                                              
                                                  
l.6500 \DeclareRobustCommand
                            *{\ref}{%
? 
LaTeX Font Info:    Trying to load font information for T1+phv on input line 65
00.
(/usr/share/texlive/texmf-dist/tex/latex/psnfss/t1phv.fd
File: t1phv.fd 2001/06/04 scalable font definitions for T1/phv.
)
LaTeX Font Info:    Font shape `T1/phv/m/n' will be
(Font)              scaled to size 8.99994pt on input line 6500.
LaTeX Font Info:    Font shape `T1/phv/bx/n' in size <10> not available
(Font)              Font shape `T1/phv/b/n' tried instead on input line 6500.
LaTeX Font Info:    Font shape `T1/phv/b/n' will be
(Font)              scaled to size 8.99994pt on input line 6500.


LaTeX Warning: Reference `\reserved@d ' on page 1 undefined on input line 6500.


LaTeX Info: Redefining \endcsname on input line 6500.
! Missing \endcsname inserted.
<to be read again> 
                   \protect 
l.6500 \DeclareRobustCommand
                            *{\ref}{%
? 
LaTeX Info: Redefining \ref on input line 6500.
! Missing \endcsname inserted.
<to be read again> 
                   \protect 
l.6500 \DeclareRobustCommand*{\ref}
                                   {%
? 
! Missing \endcsname inserted.
<to be read again> 
                   \protect 
l.6500 \DeclareRobustCommand*{\ref}
                                   {%
? 
! Undefined control sequence.
\reserved@c ->\NoHy@OrgRef 
                           
l.6502 }
        
? 
! Undefined control sequence.
l.6503 \LetLtxMacro
                   \NoHy@OrgPageRef\pageref
? 
! Undefined control sequence.
l.6503 \LetLtxMacro\NoHy@OrgPageRef
                                   \pageref
? 
! Missing \endcsname inserted.
<to be read again> 
                   \let 
l.6504 \DeclareRobustCommand
                            *{\pageref}{%
? 
! Missing \endcsname inserted.
<to be read again> 
                   \protect 
l.6504 \DeclareRobustCommand
                            *{\pageref}{%
? 
! Missing \endcsname inserted.
<to be read again> 
                   \protect 
l.6504 \DeclareRobustCommand
                            *{\pageref}{%
? 
! Missing \endcsname inserted.
<to be read again> 
                   \protect 
l.6504 \DeclareRobustCommand
                            *{\pageref}{%
? 
! Missing \endcsname inserted.
<to be read again> 
                   \protect 
l.6504 \DeclareRobustCommand
                            *{\pageref}{%
? 
! Missing \endcsname inserted.
<to be read again> 
                   \protect 
l.6504 \DeclareRobustCommand
                            *{\pageref}{%
? 
! Missing \endcsname inserted.
<to be read again> 
                   \protect 
l.6504 \DeclareRobustCommand
                            *{\pageref}{%
? 
! Missing \endcsname inserted.
<to be read again> 
                   \c@page 
l.6504 \DeclareRobustCommand
                            *{\pageref}{%
? 

LaTeX Warning: Reference `\reserved@d ' on page \@arabic\endcsname  \c@page  un
defined on input line 6504.

LaTeX Info: Redefining \endcsname on input line 6504.
! Missing \endcsname inserted.
<to be read again> 
                   \protect 
l.6504 \DeclareRobustCommand
                            *{\pageref}{%
? 
! Missing \endcsname inserted.
<to be read again> 
                   \protect 
l.6504 \DeclareRobustCommand
                            *{\pageref}{%
? 
! Argument of \pageref has an extra }.
<inserted text> 
                \par 
l.6504 \DeclareRobustCommand*{\pageref}
                                       {%
? 
Runaway argument?
! Paragraph ended before \pageref was complete.
<to be read again> 
                   \par 
l.6504 \DeclareRobustCommand*{\pageref}
                                       {%
? 
! Undefined control sequence.
\reserved@c ->\NoHy@OrgPageRef 
                               
l.6506 }
        
? 
! Missing \endcsname inserted.
<to be read again> 
                   \protect 
l.6631 \Hy@DisableOption{pdfusetitle}
                                     
? 
! Missing \endcsname inserted.
<to be read again> 
                   \protect 
l.6631 \Hy@DisableOption{pdfusetitle}
                                     
? 
! Missing \endcsname inserted.
<to be read again> 
                   \protect 
l.6631 \Hy@DisableOption{pdfusetitle}
                                     
? 
! Missing \endcsname inserted.
<to be read again> 
                   \protect 
l.6631 \Hy@DisableOption{pdfusetitle}
                                     
? 
! Missing \endcsname inserted.
<to be read again> 
                   \protect 
l.6631 \Hy@DisableOption{pdfusetitle}
                                     
? 
! Missing \endcsname inserted.
<to be read again> 
                   \protect 
l.6657 \RequirePackage{atbegshi}[2007/09/09]
                                            
? 
! Missing \endcsname inserted.
<to be read again> 
                   \protect 
l.6657 \RequirePackage{atbegshi}[2007/09/09]
                                            
? 
! Missing \endcsname inserted.
<to be read again> 
                   \protect 
l.6657 \RequirePackage{atbegshi}[2007/09/09]
                                            
? 
! Missing \endcsname inserted.
<to be read again> 
                   \protect 
l.6657 \RequirePackage{atbegshi}[2007/09/09]
                                            
? 
! Missing \endcsname inserted.
<to be read again> 
                   \protect 
l.6657 \RequirePackage{atbegshi}[2007/09/09]
                                            
? 
! Missing \endcsname inserted.
<to be read again> 
                   \protect 
l.6657 \RequirePackage{atbegshi}[2007/09/09]
                                            
? 
! Missing endcsname inserted.
<to be read again> 
                   protect 
l.6657 \RequirePackage{atbegshi}[2007/09/09]
                                            
? 

! LaTeX Error: Missing \begin{document}.

See the LaTeX manual or LaTeX Companion for explanation.
Type  H <return>  for immediate help.
 ...                                              
                                                  
l.6657 \RequirePackage{atbegshi}[2007/09/09]
                                            
? 
(/usr/share/texlive/texmf-dist/tex/generic/atbegshi/atbegshi.sty
! Missing \endcsname inserted.
<to be read again> 
                   \protect 
l.56 ...dafter\x\csname ver@atbegshi.sty\endcsname
                                                  
? 
! Missing \endcsname inserted.
<to be read again> 
                   \protect 
l.92 ...after\ifx\csname ProvidesPackage\endcsname
                                                  \relax
? 
! Missing \endcsname inserted.
<to be read again> 
                   \protect 
l.108 ...after\x\csname ver@atbegshi.sty\endcsname
                                                  
? 
! Missing \endcsname inserted.
<to be read again> 
                   \protect 
l.110 ...9/12/05 v1.19 At begin shipout hook (HO)]
                                                  %
? 
Package: atbegshi 2019/12/05 v1.19 At begin shipout hook (HO)
! Missing \endcsname inserted.
<to be read again> 
                   \protect 
l.129 \x
        \catcode61\catcode48\catcode32=10\relax%
? 
! Use of \AtBegShi@AtEnd doesn't match its definition.
\TMP@EnsureCode ...tEnd {\AtBegShi@AtEnd \catcode 
                                                  #1=\the \catcode #1\relax ...
l.143 \TMP@EnsureCode{40}{12}
                             % (
? 
! Missing \endcsname inserted.
<to be read again> 
                   \protect 
l.156 ...after\ifx\csname RequirePackage\endcsname
                                                  \relax
? 
! Missing \endcsname inserted.
<to be read again> 
                   \protect 
l.166   \RequirePackage{infwarerr}[2007/09/09]
                                              %
? 
! Missing \endcsname inserted.
<to be read again> 
                   \protect 
l.166   \RequirePackage{infwarerr}[2007/09/09]
                                              %
? 
! Missing \endcsname inserted.
<to be read again> 
                   \protect 
l.166   \RequirePackage{infwarerr}[2007/09/09]
                                              %
? 
! Missing \endcsname inserted.
<to be read again> 
                   \protect 
l.166   \RequirePackage{infwarerr}[2007/09/09]
                                              %
? 
! Missing \endcsname inserted.
<to be read again> 
                   \protect 
l.166   \RequirePackage{infwarerr}[2007/09/09]
                                              %
? 
Runaway text?

LaTeX Warning: You have requested, on input line 166, version
        \ETC.
! Forbidden control sequence found while scanning text of \write.
<inserted text> 
                }
l.166   \RequirePackage{infwarerr}[2007/09/09]
                                              %
? 
Runaway text?

LaTeX Warning: You have requested, on input line 166, version
        \ETC.
! Forbidden control sequence found while scanning text of \write.
<inserted text> 
                }
l.166   \RequirePackage{infwarerr}[2007/09/09]
                                              %
? 
Runaway text?

LaTeX Warning: You have requested, on input line 166, version
        \ETC.
! Forbidden control sequence found while scanning text of \write.
<inserted text> 
                }
l.166   \RequirePackage{infwarerr}[2007/09/09]
                                              %
? 
Runaway text?

LaTeX Warning: You have requested, on input line 166, version
        \ETC.
! Forbidden control sequence found while scanning text of \write.
<inserted text> 
                }
l.166   \RequirePackage{infwarerr}[2007/09/09]
                                              %
? 
Runaway text?

LaTeX Warning: You have requested, on input line 166, version
        \ETC.
! Forbidden control sequence found while scanning text of \write.
<inserted text> 
                }
l.166   \RequirePackage{infwarerr}[2007/09/09]
                                              %
? 
Runaway text?

LaTeX Warning: You have requested, on input line 166, version
        \ETC.
! Forbidden control sequence found while scanning text of \write.
<inserted text> 
                }
l.166   \RequirePackage{infwarerr}[2007/09/09]
                                              %
? 
Runaway text?

LaTeX Warning: You have requested, on input line 166, version
        \ETC.
! Forbidden control sequence found while scanning text of \write.
<inserted text> 
                }
l.166   \RequirePackage{infwarerr}[2007/09/09]
                                              %
? 
Runaway text?

LaTeX Warning: You have requested, on input line 166, version
        \ETC.
! Forbidden control sequence found while scanning text of \write.
<inserted text> 
                }
l.166   \RequirePackage{infwarerr}[2007/09/09]
                                              %
? 
Runaway text?

LaTeX Warning: You have requested, on input line 166, version
        \ETC.
! Forbidden control sequence found while scanning text of \write.
<inserted text> 
                }
l.166   \RequirePackage{infwarerr}[2007/09/09]
                                              %
? 
Runaway text?

LaTeX Warning: You have requested, on input line 166, version
        \ETC.
! Forbidden control sequence found while scanning text of \write.
<inserted text> 
                }
l.166   \RequirePackage{infwarerr}[2007/09/09]
                                              %
? 
Runaway text?

LaTeX Warning: You have requested, on input line 166, version
        \ETC.
! Forbidden control sequence found while scanning text of \write.
<inserted text> 
                }
l.166   \RequirePackage{infwarerr}[2007/09/09]
                                              %
? 
Runaway text?

LaTeX Warning: You have requested, on input line 166, version
        \ETC.
! Forbidden control sequence found while scanning text of \write.
<inserted text> 
                }
l.166   \RequirePackage{infwarerr}[2007/09/09]
                                              %
? 
Runaway text?

LaTeX Warning: You have requested, on input line 166, version
        \ETC.
! Forbidden control sequence found while scanning text of \write.
<inserted text> 
                }
l.166   \RequirePackage{infwarerr}[2007/09/09]
                                              %
? 
Runaway text?

LaTeX Warning: You have requested, on input line 166, version
        \ETC.
! Forbidden control sequence found while scanning text of \write.
<inserted text> 
                }
l.166   \RequirePackage{infwarerr}[2007/09/09]
                                              %
? 
Runaway text?

LaTeX Warning: You have requested, on input line 166, version
        \ETC.
! Forbidden control sequence found while scanning text of \write.
<inserted text> 
                }
l.166   \RequirePackage{infwarerr}[2007/09/09]
                                              %
? 
Runaway text?

LaTeX Warning: You have requested, on input line 166, version
        \ETC.
! Forbidden control sequence found while scanning text of \write.
<inserted text> 
                }
l.166   \RequirePackage{infwarerr}[2007/09/09]
                                              %
? 
Runaway text?

LaTeX Warning: You have requested, on input line 166, version
        \ETC.
! Forbidden control sequence found while scanning text of \write.
<inserted text> 
                }
l.166   \RequirePackage{infwarerr}[2007/09/09]
                                              %
? 
Runaway text?

LaTeX Warning: You have requested, on input line 166, version
        \ETC.
! Forbidden control sequence found while scanning text of \write.
<inserted text> 
                }
l.166   \RequirePackage{infwarerr}[2007/09/09]
                                              %
? 
Runaway text?

LaTeX Warning: You have requested, on input line 166, version
        \ETC.
! Forbidden control sequence found while scanning text of \write.
<inserted text> 
                }
l.166   \RequirePackage{infwarerr}[2007/09/09]
                                              %
? 
Runaway text?

LaTeX Warning: You have requested, on input line 166, version
        \ETC.
! Forbidden control sequence found while scanning text of \write.
<inserted text> 
                }
l.166   \RequirePackage{infwarerr}[2007/09/09]
                                              %
? 
Runaway text?

LaTeX Warning: You have requested, on input line 166, version
        \ETC.
! Forbidden control sequence found while scanning text of \write.
<inserted text> 
                }
l.166   \RequirePackage{infwarerr}[2007/09/09]
                                              %
? 
Runaway text?

LaTeX Warning: You have requested, on input line 166, version
        \ETC.
! Forbidden control sequence found while scanning text of \write.
<inserted text> 
                }
l.166   \RequirePackage{infwarerr}[2007/09/09]
                                              %
? 
Runaway text?

LaTeX Warning: You have requested, on input line 166, version
        \ETC.
! Forbidden control sequence found while scanning text of \write.
<inserted text> 
                }
l.166   \RequirePackage{infwarerr}[2007/09/09]
                                              %
? 
Runaway text?

LaTeX Warning: You have requested, on input line 166, version
        \ETC.
! Forbidden control sequence found while scanning text of \write.
<inserted text> 
                }
l.166   \RequirePackage{infwarerr}[2007/09/09]
                                              %
? 
Runaway text?

LaTeX Warning: You have requested, on input line 166, version
        \ETC.
! Forbidden control sequence found while scanning text of \write.
<inserted text> 
                }
l.166   \RequirePackage{infwarerr}[2007/09/09]
                                              %
? 
Runaway text?

LaTeX Warning: You have requested, on input line 166, version
        \ETC.
! Forbidden control sequence found while scanning text of \write.
<inserted text> 
                }
l.166   \RequirePackage{infwarerr}[2007/09/09]
                                              %
? 
Runaway text?

LaTeX Warning: You have requested, on input line 166, version
        \ETC.
! Forbidden control sequence found while scanning text of \write.
<inserted text> 
                }
l.166   \RequirePackage{infwarerr}[2007/09/09]
                                              %
? 
Runaway text?

LaTeX Warning: You have requested, on input line 166, version
        \ETC.
! Forbidden control sequence found while scanning text of \write.
<inserted text> 
                }
l.166   \RequirePackage{infwarerr}[2007/09/09]
                                              %
? 
Runaway text?

LaTeX Warning: You have requested, on input line 166, version
        \ETC.
! Forbidden control sequence found while scanning text of \write.
<inserted text> 
                }
l.166   \RequirePackage{infwarerr}[2007/09/09]
                                              %
? 
Runaway text?

LaTeX Warning: You have requested, on input line 166, version
        \ETC.
! Forbidden control sequence found while scanning text of \write.
<inserted text> 
                }
l.166   \RequirePackage{infwarerr}[2007/09/09]
                                              %
? 
Runaway text?

LaTeX Warning: You have requested, on input line 166, version
        \ETC.
! Forbidden control sequence found while scanning text of \write.
<inserted text> 
                }
l.166   \RequirePackage{infwarerr}[2007/09/09]
                                              %
? 
Runaway text?

LaTeX Warning: You have requested, on input line 166, version
        \ETC.
! Forbidden control sequence found while scanning text of \write.
<inserted text> 
                }
l.166   \RequirePackage{infwarerr}[2007/09/09]
                                              %
? 
Runaway text?

LaTeX Warning: You have requested, on input line 166, version
        \ETC.
! Forbidden control sequence found while scanning text of \write.
<inserted text> 
                }
l.166   \RequirePackage{infwarerr}[2007/09/09]
                                              %
? 
Runaway text?

LaTeX Warning: You have requested, on input line 166, version
        \ETC.
! Forbidden control sequence found while scanning text of \write.
<inserted text> 
                }
l.166   \RequirePackage{infwarerr}[2007/09/09]
                                              %
? 
Runaway text?

LaTeX Warning: You have requested, on input line 166, version
        \ETC.
! Forbidden control sequence found while scanning text of \write.
<inserted text> 
                }
l.166   \RequirePackage{infwarerr}[2007/09/09]
                                              %
? 
Runaway text?

LaTeX Warning: You have requested, on input line 166, version
        \ETC.
! Forbidden control sequence found while scanning text of \write.
<inserted text> 
                }
l.166   \RequirePackage{infwarerr}[2007/09/09]
                                              %
? 
Runaway text?

LaTeX Warning: You have requested, on input line 166, version
        \ETC.
! Forbidden control sequence found while scanning text of \write.
<inserted text> 
                }
l.166   \RequirePackage{infwarerr}[2007/09/09]
                                              %
? 
Runaway text?

LaTeX Warning: You have requested, on input line 166, version
        \ETC.
! Forbidden control sequence found while scanning text of \write.
<inserted text> 
                }
l.166   \RequirePackage{infwarerr}[2007/09/09]
                                              %
? 
Runaway text?

LaTeX Warning: You have requested, on input line 166, version
        \ETC.
! Forbidden control sequence found while scanning text of \write.
<inserted text> 
                }
l.166   \RequirePackage{infwarerr}[2007/09/09]
                                              %
? 
Runaway text?

LaTeX Warning: You have requested, on input line 166, version
        \ETC.
! Forbidden control sequence found while scanning text of \write.
<inserted text> 
                }
l.166   \RequirePackage{infwarerr}[2007/09/09]
                                              %
? 
Runaway text?

LaTeX Warning: You have requested, on input line 166, version
        \ETC.
! Forbidden control sequence found while scanning text of \write.
<inserted text> 
                }
l.166   \RequirePackage{infwarerr}[2007/09/09]
                                              %
? 
Runaway text?

LaTeX Warning: You have requested, on input line 166, version
        \ETC.
! Forbidden control sequence found while scanning text of \write.
<inserted text> 
                }
l.166   \RequirePackage{infwarerr}[2007/09/09]
                                              %
? 
Runaway text?

LaTeX Warning: You have requested, on input line 166, version
        \ETC.
! Forbidden control sequence found while scanning text of \write.
<inserted text> 
                }
l.166   \RequirePackage{infwarerr}[2007/09/09]
                                              %
? 
Runaway text?

LaTeX Warning: You have requested, on input line 166, version
        \ETC.
! Forbidden control sequence found while scanning text of \write.
<inserted text> 
                }
l.166   \RequirePackage{infwarerr}[2007/09/09]
                                              %
? 
Runaway text?

LaTeX Warning: You have requested, on input line 166, version
        \ETC.
! Forbidden control sequence found while scanning text of \write.
<inserted text> 
                }
l.166   \RequirePackage{infwarerr}[2007/09/09]
                                              %
? 
Runaway text?

LaTeX Warning: You have requested, on input line 166, version
        \ETC.
! Forbidden control sequence found while scanning text of \write.
<inserted text> 
                }
l.166   \RequirePackage{infwarerr}[2007/09/09]
                                              %
? 
Runaway text?

LaTeX Warning: You have requested, on input line 166, version
        \ETC.
! Forbidden control sequence found while scanning text of \write.
<inserted text> 
                }
l.166   \RequirePackage{infwarerr}[2007/09/09]
                                              %
? 
Runaway text?

LaTeX Warning: You have requested, on input line 166, version
        \ETC.
! Forbidden control sequence found while scanning text of \write.
<inserted text> 
                }
l.166   \RequirePackage{infwarerr}[2007/09/09]
                                              %
? 
Runaway text?

LaTeX Warning: You have requested, on input line 166, version
        \ETC.
! Forbidden control sequence found while scanning text of \write.
<inserted text> 
                }
l.166   \RequirePackage{infwarerr}[2007/09/09]
                                              %
? exit
 
Here is how much of TeX's memory you used:
 8229 strings out of 483183
 115769 string characters out of 5966292
 384682 words of memory out of 5000000
 23094 multiletter control sequences out of 15000+600000
 539162 words of font info for 39 fonts, out of 8000000 for 9000
 14 hyphenation exceptions out of 8191
 70i,2n,45p,238b,111s stack positions out of 5000i,500n,10000p,200000b,80000s
No pages of output.
PDF statistics:
 0 PDF objects out of 1000 (max. 8388607)
 0 named destinations out of 1000 (max. 500000)
 1 words of extra memory for PDF output out of 10000 (max. 10000000)

